<?xml version="1.0" encoding="UTF-8"?>
<!--
  Copyright (C) FuseSource, Inc.
  http://fusesource.com

  Licensed under the Apache License, Version 2.0 (the "License");
  you may not use this file except in compliance with the License.
  You may obtain a copy of the License at

     http://www.apache.org/licenses/LICENSE-2.0

  Unless required by applicable law or agreed to in writing, software
  distributed under the License is distributed on an "AS IS" BASIS,
  WITHOUT WARRANTIES OR CONDITIONS OF ANY KIND, either express or implied.
  See the License for the specific language governing permissions and
  limitations under the License.
  -->
<beans xmlns="http://www.springframework.org/schema/beans" xmlns:xsi="http://www.w3.org/2001/XMLSchema-instance"
       xmlns:bridge="http://fusesource.org/fabric/bridge" xmlns:zkbridge="http://fusesource.org/fabric/bridge/zookeeper"
       xsi:schemaLocation="
       http://www.springframework.org/schema/beans http://www.springframework.org/schema/beans/spring-beans.xsd
        http://fusesource.org/fabric/bridge http://fusesource.org/fabric/bridge/fabric-bridge.xsd
        http://fusesource.org/fabric/bridge/zookeeper http://fusesource.org/fabric/bridge/zookeeper/fabric-bridge-zookeeper.xsd">

  <!-- Since this is a test case lets run a local ZK server -->
  <bean id="zkServer" class="org.fusesource.fabric.zookeeper.spring.ZKServerFactoryBean">
    <property name="purge" value="true"/>
  </bean>

  <bean id="zkServerSetup" class="org.fusesource.fabric.bridge.zk.internal.ZkServerSetupBean" lazy-init="false">
    <property name="fabricService" ref="fabricservice"/>
    <property name="zookeeper" ref="zkClientFacade"/>
  </bean>

  <bean id="zkClient" class="org.fusesource.fabric.zookeeper.spring.ZKClientFactoryBean">
    <property name="timeoutText" value="30s"/>
    <property name="connectString" value="localhost:2181"/>
  </bean>

    <bean id="zkClientFacade" class="org.fusesource.fabric.zookeeper.internal.ZkClientFacadeImpl">
        <property name="zooKeeper" ref="zkClient"/>
        <property name="zookeeprUrl" value="localhost:2181"/>
    </bean>

  <bean id="fabricservice" class="org.fusesource.fabric.service.FabricServiceImpl">
    <property name="zooKeeper" ref="zkClient"/>
  </bean>

</beans>